<?xml version="1.0" encoding="UTF-8"?>
<!-- Generated by org.testng.reporters.JUnitXMLReporter -->
<testsuite ignored="0" hostname="LAPTOP-57CST924" failures="0" tests="1" name="FirefoxTest" time="0.03" errors="0" timestamp="2022-09-05T13:10:47 EDT">
  <testcase classname="com.usa.crossBrowserTesting.CrossBrowserTesting" name="@BeforeTest setUp" time="0.027">
    <failure type="java.lang.IllegalStateException" message="The driver executable does not exist: C:\Drivers\geckodriver.exe">
      <![CDATA[java.lang.IllegalStateException: The driver executable does not exist: C:\Drivers\geckodriver.exe
at com.google.common.base.Preconditions.checkState(Preconditions.java:585)
at org.openqa.selenium.remote.service.DriverService.checkExecutable(DriverService.java:146)
at org.openqa.selenium.remote.service.DriverService.findExecutable(DriverService.java:141)
at org.openqa.selenium.firefox.GeckoDriverService.access$100(GeckoDriverService.java:44)
at org.openqa.selenium.firefox.GeckoDriverService$Builder.findDefaultExecutable(GeckoDriverService.java:167)
at org.openqa.selenium.remote.service.DriverService$Builder.build(DriverService.java:355)
at org.openqa.selenium.firefox.FirefoxDriver.toExecutor(FirefoxDriver.java:190)
at org.openqa.selenium.firefox.FirefoxDriver.<init>(FirefoxDriver.java:147)
at org.openqa.selenium.firefox.FirefoxDriver.<init>(FirefoxDriver.java:125)
at com.usa.crossBrowserTesting.CrossBrowserTesting.setUp(CrossBrowserTesting.java:28)
... Removed 24 stack frames]]>
    </failure>
  </testcase> <!-- @BeforeTest setUp -->
  <testcase classname="com.usa.crossBrowserTesting.CrossBrowserTesting" name="testxml" time="0.0">
    <skipped/>
  </testcase> <!-- testxml -->
</testsuite> <!-- FirefoxTest -->
