<?xml version="1.0" encoding="UTF-8"?>
<!-- Generated by org.testng.reporters.JUnitXMLReporter -->
<testsuite ignored="6" hostname="LAPTOP-57CST924" failures="0" tests="3" name="Test(failed)" time="0.034" errors="0" timestamp="2022-09-04T15:07:36 EDT">
  <testcase classname="com.usa.failedTestRun.ClassB" name="getTest4" time="0.005"/>
  <testcase classname="com.usa.failedTestRun.ClassC" name="getTest8" time="0.001"/>
  <testcase classname="com.usa.failedTestRun.ClassA" name="getTest2" time="0.001"/>
  <testcase classname="com.usa.failedTestRun.ClassA" name="getTest3" time="0.0">
    <ignored/>
  </testcase> <!-- getTest3 -->
  <testcase classname="com.usa.failedTestRun.ClassC" name="getTest9" time="0.0">
    <ignored/>
  </testcase> <!-- getTest9 -->
  <testcase classname="com.usa.failedTestRun.ClassB" name="getTest5" time="0.0">
    <ignored/>
  </testcase> <!-- getTest5 -->
  <testcase classname="com.usa.failedTestRun.ClassB" name="getTest6" time="0.0">
    <ignored/>
  </testcase> <!-- getTest6 -->
  <testcase classname="com.usa.failedTestRun.ClassC" name="getTest7" time="0.0">
    <ignored/>
  </testcase> <!-- getTest7 -->
  <testcase classname="com.usa.failedTestRun.ClassA" name="getTest1" time="0.0">
    <ignored/>
  </testcase> <!-- getTest1 -->
</testsuite> <!-- Test(failed) -->
